<?xml version="1.0" encoding="UTF-8" ?>
<testsuite tests="5" failures="0" name="ParkingTest" time="0.017" errors="0" skipped="0">
  <properties>
[...]
</properties>
  <testcase classname="ParkingTest" name="testForParkedSlotWithRegisterationNo" time="0.017"/>
  <testcase classname="ParkingTest" name="testForParkedSlotWithColour" time="0"/>
  <testcase classname="ParkingTest" name="tesReleaseParking" time="0"/>
  <testcase classname="ParkingTest" name="testAllocateParking" time="0"/>
  <testcase classname="ParkingTest" name="testCreateParking" time="0"/>
</testsuite>